[www.remojo.com/index.html]
[backblue.gif]
[fade.gif]
[index.html]
[assets-global.website-files.com/6018665a9b3a0a2a021057a6/css/remojo.webflow.222da7b9b.min.css]
[ajax.googleapis.com/ajax/libs/webfont/1.6.26/webfont.js]
[assets-global.website-files.com/6018665a9b3a0a2a021057a6/601de586261d9f08dc3d0f64_favicon.png]
[assets-global.website-files.com/6018665a9b3a0a2a021057a6/601de5463acc984f201d04ed_webclip.png]
[cdn.cookielaw.org/consent/5f7c7c31-85e3-4076-a364-39325bd52a3c/OtAutoBlock.js]
[cdn.cookielaw.org/scripttemplates/otSDKStub.js]
[pagead2.googlesyndication.com/pagead/js/f182a.txt]
[unpkg.com/swiper/swiper-bundle.min.9.delayed]
[bat.bing.com/bat.js]
[unpkg.com/swiper@11.0.6/swiper-bundle.min.css]
[www.redditstatic.com/ads/pixel.js]
[connect.facebook.net/en_US/fbevents.js]
[www.remojo.com/insights.html]
[assets-global.website-files.com/6018665a9b3a0a2a021057a6/6373a070efdffa5adf6970be_Group 1597879454 (2).png]
[www.remojo.com/how-it-works.html]
[www.remojo.com/post/how-to-quit-porn-with-meditation.html]
[www.remojo.com/index-2.html]
[www.remojo.com/_https_/assets-global.website-files.com/6036b38cd02467d6091ed564/651c2a8b5ef679a6f893aacd_Blog Post Header - How to quit porn with meditation.jpg_]
[assets-global.website-files.com/6036b38cd02467d6091ed564/6048ed9a4ac619b248638503_T015X2F93JA-U016GCY4TPB-11083288d86f-512.jpg]
[www.remojo.com/post/when-should-you-stop-counting-your-nofap-or-porn-free-streak.html]
[www.remojo.com/_https_/assets-global.website-files.com/6036b38cd02467d6091ed564/64f81ad7b531ecb9905855df_When to stop counting streaks.jpg_]
[www.remojo.com/post/will-id-verification-requirements-to-access-adult-websites-protecting-children-why-or-why-not.html]
[www.remojo.com/_https_/assets-global.website-files.com/6036b38cd02467d6091ed564/64f71d9fb92352c8a0c4478c_Pornhub age verification.webp_]
[www.remojo.com/about.html]
[www.remojo.com/archive/privacy.html]
[www.remojo.com/terms-of-service.html]
[www.remojo.com/insights9e57.html]
[www.remojo.com/insights5654.html]
[www.remojo.com/insights10e8.html]
[www.remojo.com/insights4006.html]
[www.remojo.com/pr.html]
[www.remojo.com/insights71cc.html]
[www.remojo.com/insights09b2.html]
[www.remojo.com/great-accountability-partner.html]
[www.remojo.com/faqs.html]
[www.remojo.com/plus.html]
[assets-global.website-files.com/6018665a9b3a0a2a021057a6/62652466b3a088520a185402_152810.png]
[d3e54v103j8qbb.cloudfront.net/js/jquery-3.5.1.min.dc5e7f18c8ce8e.js]
[unpkg.com/swiper/swiper-bundle.min.js]
[assets-global.website-files.com/6018665a9b3a0a2a021057a6/js/webflow.21839a88b.js]
[www.remojo.com/index.html]
[assets-global.website-files.com/6018665a9b3a0a2a021057a6/css/remojo.webflow.222da7b9b.min.css]
[unpkg.com/swiper@11.0.6/swiper-bundle.min.js]
[www.google-analytics.com/analytics.js]
[www.remojo.com/post/why-quit-porn-6-reasons-to-reboot.html]
[app.remojo.com/polyfills.54573743e70a8a427db8.js]
[cdn.trackjs.com/agent/v3/latest/t.js]
[www.remojo.com/post/why-willpower-fails-when-youre-trying-to-quit-porn.html]
[www.remojo.com/post/how-to-quit-porn-6-tips-for-success.html]
[cdn.cookielaw.org/consent/5f7c7c31-85e3-4076-a364-39325bd52a3c/OtAutoBlock.js]
[www.googletagmanager.com/gtm5445.html]
[unpkg.com/swiper@11.0.6/swiper-bundle.min.css]
[www.remojo.com/a]
[www.remojo.com/POST]
[www.remojo.com/b.32.delayed]
[www.remojo.com/signals/iwl.js]
[connect.facebook.net/en_US/fbevents.js]
[www.remojo.com/index-2.html]
[cdn.jsdelivr.net/npm/@finsweet/attributes-cmsfilter@1/cmsfilter.js]
[www.remojo.com/_https_/assets-global.website-files.com/6036b38cd02467d6091ed564/64f717fc34d7e4c82334d143_How effective are  filtering software in protecting minors from adult content online]
[www.remojo.com/post/how-effective-are-blocking-and-filtering-software-in-protecting-minors-from-adult-content-online.html]
[www.remojo.com/_https_/assets-global.website-files.com/6036b38cd02467d6091ed564/64f70b0059b07b13ac8d7870_Blog Post Header - Does Quitting Porn Have to Be Hard (1]
[www.remojo.com/post/does-quitting-porn-have-to-be-hard.html]
[www.remojo.com/_https_/assets-global.website-files.com/6036b38cd02467d6091ed564/64e74c86bba65b3a3865d4a5_Blog Post Header Images.jpg_]
[www.remojo.com/post/do-you-fear-giving-up-porn.html]
[www.remojo.com/_https_/assets-global.website-files.com/6036b38cd02467d6091ed564/64e641e592fecfe33b3713b7_Untitled design (9]
[www.remojo.com/post/are-there-any-downsides-to-quitting-porn.html]
[www.remojo.com/_https_/assets-global.website-files.com/6036b38cd02467d6091ed564/649ab5dcedcdef49d66bb191_masjid-pogung-dalangan-nQdIhOjvdm4-unsplash (2]
[www.remojo.com/post/is-masturbation-haram-in-islam.html]
[www.remojo.com/_https_/assets-global.website-files.com/6036b38cd02467d6091ed564/649a9fe85834952a6f9a82e9_yuz-ayub-rsBcEurM-7M-unsplash (2]
[www.remojo.com/post/is-porn-haram-and-other-questions-related-to-the-islamic-view-of-pornography.html]
[www.remojo.com/_https_/assets-global.website-files.com/6036b38cd02467d6091ed564/645d6e34f9f94740eab2a2e0_62cd6a4cd37464487272ca34_tom-sodoge-Qeqg7F9pfuU-unsplash-min (1]
[www.remojo.com/post/can-porn-make-you-socially-awkward.html]
[www.remojo.com/_https_/assets-global.website-files.com/6036b38cd02467d6091ed564/645d6eaa833989a850e0beb1_644a0aada803e3186dbe8281_Screenshot 2023-04-27 at 06.30.46-min.webp_]
[www.remojo.com/post/5-ways-to-level-up-with-mindfulness.html]
[www.remojo.com/_https_/assets-global.website-files.com/6036b38cd02467d6091ed564/645d71cb1148e53cf9aed2bb_644a0dbf8608b06b3f0ebd92_Screenshot 2023-04-27 at 06.52.06-min.webp_]
[www.remojo.com/post/has-porn-made-you-bad-at-sex.html]
[www.remojo.com/_https_/assets-global.website-files.com/6036b38cd02467d6091ed564/645d720482b41a5827b58ce9_644a0f4413c4d76938d11a1c_Screenshot 2023-04-27 at 06.58.43-min.webp_]
[www.remojo.com/post/why-are-men-challenging-themselves-to-quit-porn.html]
[www.remojo.com/_https_/assets-global.website-files.com/6036b38cd02467d6091ed564/645d722a17840de9b5fcac54_644a1ba80314b434a1507368_Screenshot 2023-04-27 at 07.48.21-min.webp_]
[www.remojo.com/post/should-you-just-use-less-porn.html]
[www.remojo.com/_https_/assets-global.website-files.com/6036b38cd02467d6091ed564/645d5201cd2b884513798a5e_644a1d68b69ca54f1f1c93e3_Screenshot 2023-04-27 at 07.56.36.webp_]
[www.remojo.com/post/5-ways-to-tell-if-your-man-has-a-porn-problem.html]
[www.remojo.com/_https_/assets-global.website-files.com/6036b38cd02467d6091ed564/645d560c142ea02b0e2713ff_644a31e1c961bd2587ff1154_Screenshot 2023-04-27 at 09.26.00.webp_]
[www.remojo.com/post/has-porn-made-you-a-pervert.html]
[www.remojo.com/_https_/assets-global.website-files.com/6036b38cd02467d6091ed564/645d5680a291f5f146757cac_644a33293be26d0a408058d0_Screenshot 2023-04-27 at 09.31.23.webp_]
[www.remojo.com/_https_/assets-global.website-files.com/6036b38cd02467d6091ed564/61a8f23bf8aa751e6b35289b_Imagem do iOS (1]
[www.remojo.com/post/healthy-masturbation-101-is-there-such-a-thing.html]
[www.remojo.com/_https_/assets-global.website-files.com/6036b38cd02467d6091ed564/645d732f82b41a5827b68b59_61a8f27e6a90df2e3e13387c_Capa_Blog_11-min.52.delayed]
[www.remojo.com/_https_/assets-global.website-files.com/6036b38cd02467d6091ed564/645d7378f39d960f6afbd102_61a8f25b5ad2bee51bf49c6e_Capa_Blog_3-min.png_]
[www.remojo.com/post/porn-induced-erectile-dysfunction-how-to-tell-your-girlfriend.html]
[www.remojo.com/_https_/assets-global.website-files.com/6036b38cd02467d6091ed564/61a8f2a05f705a6bd5d18e01_Imagem do iOS.jpg_]
[www.remojo.com/post/the-dark-side-of-porn-whats-really-going-on-behind-the-scenes.html]
[www.remojo.com/_https_/assets-global.website-files.com/6036b38cd02467d6091ed564/644a3d13d9f5fb478df10890_Screenshot 2023-04-27 at 10.13.25.webp_]
[www.remojo.com/post/what-happens-when-you-quit-porn-2.html]
[www.remojo.com/_https_/assets-global.website-files.com/6036b38cd02467d6091ed564/645d653f3980acd89587e9dd_644a3e7d9335c6554927bf13_Screenshot 2023-04-27 at 10.19.33-min.webp_]
[www.remojo.com/post/can-porn-use-affect-memory-and-concentration.html]
[www.remojo.com/_https_/assets-global.website-files.com/6036b38cd02467d6091ed564/644a40f0858d28ba91c825cf_Screenshot 2023-04-27 at 10.30.21.webp_]
[www.remojo.com/post/what-are-the-effects-of-porn-on-the-brain.html]
[www.remojo.com/_https_/assets-global.website-files.com/6036b38cd02467d6091ed564/645d74239705926c779659f0_61a76624a2e434bf50c92822_Imagem do iOS-min.png_]
[www.remojo.com/post/5-signs-you-have-a-porn-addiction.html]
[www.remojo.com/_https_/assets-global.website-files.com/6036b38cd02467d6091ed564/645d74e5b691b4e4a1a2f866_618be71463eb9a3c7ebf8d52_Imagem do iOS-min.png_]
[www.remojo.com/_https_/assets-global.website-files.com/6036b38cd02467d6091ed564/645d75228db87a4287840f5a_6189689fdb2a358aa945e607_float.png_]
[www.remojo.com/post/the-best-no-nut-november-memes.html]
[www.remojo.com/_https_/assets-global.website-files.com/6036b38cd02467d6091ed564/618b9c221d441f0b7afa4d1f_Imagem do iOS.jpg_]
[www.remojo.com/post/how-to-survive-no-nut-november.html]
[www.remojo.com/_https_/assets-global.website-files.com/6036b38cd02467d6091ed564/618b9c3a770a665b825d70cc_Imagem do iOS (1]
[www.remojo.com/post/everything-you-need-to-know-about-no-nut-november.html]
[www.remojo.com/_https_/assets-global.website-files.com/6036b38cd02467d6091ed564/645d757e6667b3f05dfda0e0_6164535af6dc0475574dcdbf_Capa_Blog-01-min.png_]
[www.remojo.com/insights.html]
[www.remojo.com/post/porn-addiction-why-am-i-addicted-to-porn-5-questions-to-ask-yourself.html]
[www.remojo.com/courses.html]
[www.remojo.com/how-it-works.html]
[www.remojo.com/post/_https_/assets-global.website-files.com/6036b38cd02467d6091ed564/64e641e592fecfe33b3713b7_Untitled design (9]
[www.remojo.com/post/_https_/assets-global.website-files.com/6036b38cd02467d6091ed564/645d757e6667b3f05dfda0e0_6164535af6dc0475574dcdbf_Capa_Blog-01-min.png_]
[www.remojo.com/post/_https_/assets-global.website-files.com/6036b38cd02467d6091ed564/649a9fe85834952a6f9a82e9_yuz-ayub-rsBcEurM-7M-unsplash (2]
[www.remojo.com/post/_https_/assets-global.website-files.com/6036b38cd02467d6091ed564/651c2a8b5ef679a6f893aacd_Blog Post Header - How to quit porn with meditation.jpg_]
[www.remojo.com/post/_https_/assets-global.website-files.com/6036b38cd02467d6091ed564/64f81ad7b531ecb9905855df_When to stop counting streaks.jpg_]
[www.remojo.com/post/_https_/assets-global.website-files.com/6036b38cd02467d6091ed564/64f71d9fb92352c8a0c4478c_Pornhub age verification.webp_]
[www.remojo.com/post/how-to-quit-porn-with-meditation.html]
[www.remojo.com/_https_/assets-global.website-files.com/6036b38cd02467d6091ed564/651c2a8b5ef679a6f893aacd_Blog Post Header - How to quit porn with meditation.html]
[www.remojo.com/post/_https_/assets-global.website-files.com/6036b38cd02467d6091ed564/645d6eaa833989a850e0beb1_644a0aada803e3186dbe8281_Screenshot 2023-04-27 at 06.30.46-min.webp_]
[www.remojo.com/post/_https_/assets-global.website-files.com/6036b38cd02467d6091ed564/645d71cb1148e53cf9aed2bb_644a0dbf8608b06b3f0ebd92_Screenshot 2023-04-27 at 06.52.06-min.webp_]
[www.remojo.com/post/_https_/assets-global.website-files.com/6036b38cd02467d6091ed564/645d7378f39d960f6afbd102_61a8f25b5ad2bee51bf49c6e_Capa_Blog_3-min.png_]
[www.remojo.com/post/when-should-you-stop-counting-your-nofap-or-porn-free-streak.html]
[www.remojo.com/_https_/assets-global.website-files.com/6036b38cd02467d6091ed564/64f81ad7b531ecb9905855df_When to stop counting streaks.html]
[www.remojo.com/post/_https_/assets-global.website-files.com/6036b38cd02467d6091ed564/645d6e34f9f94740eab2a2e0_62cd6a4cd37464487272ca34_tom-sodoge-Qeqg7F9pfuU-unsplash-min (1]
[www.remojo.com/post/_https_/assets-global.website-files.com/6036b38cd02467d6091ed564/64f70b0059b07b13ac8d7870_Blog Post Header - Does Quitting Porn Have to Be Hard (1]
[www.remojo.com/post/will-id-verification-requirements-to-access-adult-websites-protecting-children-why-or-why-not.html]
[www.remojo.com/_https_/assets-global.website-files.com/6036b38cd02467d6091ed564/64f71d9fb92352c8a0c4478c_Pornhub age verification.html]
[www.remojo.com/contact.html]
[www.remojo.com/about.html]
[www.remojo.com/_https_/assets-global.website-files.com/6018665a9b3a0a2a021057a6/62651b2cb67c33c61ba0278d_X2Downloadcom-REMOJO_ Story Behind The App That Is CHANGING Men's Lives-poster-00001]
[www.remojo.com/archive/privacy.html]
[www.remojo.com/terms-of-service.html]
[www.remojo.com/insights9e57.html]
[www.remojo.com/privacy-policy.html]
[www.remojo.com/insights5654.html]
[www.remojo.com/insights10e8.html]
[www.remojo.com/insights4006.html]
[www.remojo.com/pr.html]
[www.remojo.com/insights71cc.html]
[www.remojo.com/insights09b2.html]
[www.remojo.com/great-accountability-partner.html]
[www.remojo.com/faqs.html]
[www.remojo.com/new-pages/insights9505.html]
[www.remojo.com/new-pages/insights9e57.html]
[www.remojo.com/new-pages/insights21b2.html]
[www.remojo.com/new-pages/insights5654.html]
[www.remojo.com/new-pages/insights10e8.html]
[www.remojo.com/new-pages/insightsa48c.html]
[www.remojo.com/new-pages/insights4006.html]
[www.remojo.com/new-pages/insights19ed.html]
[www.remojo.com/new-pages/insights71cc.html]
[www.remojo.com/new-pages/insightsb3c1.html]
[www.remojo.com/new-pages/insights09b2.html]
[www.remojo.com/new-pages/insightscaa4.html]
[www.remojo.com/plus.html]
[www.remojo.com/post/_https_/assets-global.website-files.com/6036b38cd02467d6091ed564/618b9c3a770a665b825d70cc_Imagem do iOS (1]
[www.remojo.com/post/why-quit-porn-6-reasons-to-reboot.html]
[www.remojo.com/courses/foundations.html]
[www.remojo.com/courses/building-an-amazing-pornfree-life.html]
[www.remojo.com/post/_https_/assets-global.website-files.com/6036b38cd02467d6091ed564/645d5201cd2b884513798a5e_644a1d68b69ca54f1f1c93e3_Screenshot 2023-04-27 at 07.56.36.webp_]
[www.remojo.com/post/why-willpower-fails-when-youre-trying-to-quit-porn.html]
[assets-global.website-files.com/6036b38cd02467d6091ed564/645d69a31148e53cf9a4d985_618be5fe59e8500893fe0b23_6XHejXVRxFVWUDr.jpg]
[assets-global.website-files.com/6036b38cd02467d6091ed564/645d69c5f39d960f6af139bd_618becece2a875fb5be76a9f_mYjxhGkHYGZE4-T2nlj7X61a7KSwng.jpg]
[www.remojo.com/post/_https_/assets-global.website-files.com/6036b38cd02467d6091ed564/645d560c142ea02b0e2713ff_644a31e1c961bd2587ff1154_Screenshot 2023-04-27 at 09.26.00.webp_]
[www.remojo.com/post/_https_/assets-global.website-files.com/6036b38cd02467d6091ed564/618b9c221d441f0b7afa4d1f_Imagem do iOS.jpg_]
[www.remojo.com/post/how-to-quit-porn-6-tips-for-success.html]
[www.remojo.com/a.html]
[www.remojo.com/POST.html]
[www.remojo.com/schema.org]
[www.remojo.com/schema.org/index.html]
[www.remojo.com/b.html]
[www.remojo.com/signals/iwl.html]
[www.remojo.com/_https_/assets-global.website-files.com/6036b38cd02467d6091ed564/64f717fc34d7e4c82334d143_How effective are  filtering software in protecting minors from adult content online]
[www.remojo.com/post/how-effective-are-blocking-and-filtering-software-in-protecting-minors-from-adult-content-online.html]
[www.remojo.com/_https_/assets-global.website-files.com/6036b38cd02467d6091ed564/64f70b0059b07b13ac8d7870_Blog Post Header - Does Quitting Porn Have to Be Hard (1.html]
[www.remojo.com/post/_https_/assets-global.website-files.com/6036b38cd02467d6091ed564/649ab5dcedcdef49d66bb191_masjid-pogung-dalangan-nQdIhOjvdm4-unsplash (2.8d.delayed]
[www.remojo.com/post/_https_/assets-global.website-files.com/6036b38cd02467d6091ed564/644a40f0858d28ba91c825cf_Screenshot 2023-04-27 at 10.30.21.webp_]
[www.remojo.com/post/_https_/assets-global.website-files.com/6036b38cd02467d6091ed564/645d5680a291f5f146757cac_644a33293be26d0a408058d0_Screenshot 2023-04-27 at 09.31.23.webp_]
[www.remojo.com/post/does-quitting-porn-have-to-be-hard.html]
[www.remojo.com/_https_/assets-global.website-files.com/6036b38cd02467d6091ed564/64e74c86bba65b3a3865d4a5_Blog Post Header Images.html]
[www.remojo.com/post/_https_/assets-global.website-files.com/6036b38cd02467d6091ed564/645d722a17840de9b5fcac54_644a1ba80314b434a1507368_Screenshot 2023-04-27 at 07.48.21-min.webp_]
[www.remojo.com/post/_https_/assets-global.website-files.com/6036b38cd02467d6091ed564/645d74e5b691b4e4a1a2f866_618be71463eb9a3c7ebf8d52_Imagem do iOS-min.png_]
[www.remojo.com/post/do-you-fear-giving-up-porn.html]
[www.remojo.com/_https_/assets-global.website-files.com/6036b38cd02467d6091ed564/64e641e592fecfe33b3713b7_Untitled design (9.html]
[www.remojo.com/post/_https_/assets-global.website-files.com/6036b38cd02467d6091ed564/645d720482b41a5827b58ce9_644a0f4413c4d76938d11a1c_Screenshot 2023-04-27 at 06.58.43-min.webp_]
[www.remojo.com/post/are-there-any-downsides-to-quitting-porn.html]
[www.remojo.com/_https_/assets-global.website-files.com/6036b38cd02467d6091ed564/649ab5dcedcdef49d66bb191_masjid-pogung-dalangan-nQdIhOjvdm4-unsplash (2.html]
[www.remojo.com/post/_https_/assets-global.website-files.com/6036b38cd02467d6091ed564/644a3d13d9f5fb478df10890_Screenshot 2023-04-27 at 10.13.25.webp_]
[www.remojo.com/post/is-masturbation-haram-in-islam.html]
[www.remojo.com/_https_/assets-global.website-files.com/6036b38cd02467d6091ed564/649a9fe85834952a6f9a82e9_yuz-ayub-rsBcEurM-7M-unsplash (2.html]
[assets-global.website-files.com/6036b38cd02467d6091ed564/649aa29cff18f59dd0adde54_yuz-ayub-rsBcEurM-7M-unsplash (1).jpg]
[assets-global.website-files.com/6036b38cd02467d6091ed564/649aa1c76701c3e202e75662_david-monje-8vyCtLPlEBo-unsplash.jpg]
[www.remojo.com/post/_https_/assets-global.website-files.com/6036b38cd02467d6091ed564/64f717fc34d7e4c82334d143_How effective are  filtering software in protecting minors from adult content on]
[www.remojo.com/post/_https_/assets-global.website-files.com/6036b38cd02467d6091ed564/645d732f82b41a5827b68b59_61a8f27e6a90df2e3e13387c_Capa_Blog_11-min.97.delayed]
[www.remojo.com/post/is-porn-haram-and-other-questions-related-to-the-islamic-view-of-pornography.html]
[www.remojo.com/_https_/assets-global.website-files.com/6036b38cd02467d6091ed564/645d6e34f9f94740eab2a2e0_62cd6a4cd37464487272ca34_tom-sodoge-Qeqg7F9pfuU-unsplash-min (1.html]
[www.remojo.com/courses/your-brain-on-porn.html]
[assets-global.website-files.com/6036b38cd02467d6091ed564/645d478923b2e66684628a34_01.jpg]
[assets-global.website-files.com/6036b38cd02467d6091ed564/645d4804f73d9db4f54ea01c_625f9d6c1a8eeb75070f4532_Sk5sLwYbtoeX0j1OT9iUqVKQTwnjVatr2lKZkc.jpg]
[assets-global.website-files.com/6036b38cd02467d6091ed564/645d4821f1e90aa5a7ec6fd1_625f9d6ce9797024c138346c_XZPEQDGscqfWIS-YkUVUAgSJ.png]
[www.remojo.com/courses/relationships-sex-and-orgasm.html]
[www.remojo.com/courses/balls-of-steel.html]
[assets-global.website-files.com/6036b38cd02467d6091ed564/645d4832e7c01290e1f69c1f_62cd6af2ae531e5d28c29faf_Captura de Tela 2022-07-12 às 13.36.32.png]
[www.remojo.com/post/can-porn-make-you-socially-awkward.html]
[www.remojo.com/_https_/assets-global.website-files.com/6036b38cd02467d6091ed564/645d6eaa833989a850e0beb1_644a0aada803e3186dbe8281_Screenshot 2023-04-27 at 06.30.46-min.html]
[assets.calendly.com/assets/external/widget.js]
[www.remojo.com/courses/mindfulness-and-meditation.html]
[www.remojo.com/post/_https_/assets-global.website-files.com/6036b38cd02467d6091ed564/645d653f3980acd89587e9dd_644a3e7d9335c6554927bf13_Screenshot 2023-04-27 at 10.19.33-min.webp_]
[www.remojo.com/post/5-ways-to-level-up-with-mindfulness.html]
[www.remojo.com/_https_/assets-global.website-files.com/6036b38cd02467d6091ed564/645d71cb1148e53cf9aed2bb_644a0dbf8608b06b3f0ebd92_Screenshot 2023-04-27 at 06.52.06-min.html]
[www.remojo.com/post/_https_/assets-global.website-files.com/6036b38cd02467d6091ed564/61a8f2a05f705a6bd5d18e01_Imagem do iOS.jpg_]
[www.remojo.com/post/has-porn-made-you-bad-at-sex.html]
[www.remojo.com/_https_/assets-global.website-files.com/6036b38cd02467d6091ed564/645d720482b41a5827b58ce9_644a0f4413c4d76938d11a1c_Screenshot 2023-04-27 at 06.58.43-min.html]
[www.remojo.com/post/why-are-men-challenging-themselves-to-quit-porn.html]
[www.remojo.com/_https_/assets-global.website-files.com/6036b38cd02467d6091ed564/645d722a17840de9b5fcac54_644a1ba80314b434a1507368_Screenshot 2023-04-27 at 07.48.21-min.html]
[www.remojo.com/post/should-you-just-use-less-porn.html]
[www.remojo.com/_https_/assets-global.website-files.com/6036b38cd02467d6091ed564/645d5201cd2b884513798a5e_644a1d68b69ca54f1f1c93e3_Screenshot 2023-04-27 at 07.56.36.html]
[www.remojo.com/post/5-ways-to-tell-if-your-man-has-a-porn-problem.html]
[www.remojo.com/_https_/assets-global.website-files.com/6036b38cd02467d6091ed564/645d560c142ea02b0e2713ff_644a31e1c961bd2587ff1154_Screenshot 2023-04-27 at 09.26.00.html]
[www.remojo.com/post/has-porn-made-you-a-pervert.html]
[www.remojo.com/_https_/assets-global.website-files.com/6036b38cd02467d6091ed564/645d5680a291f5f146757cac_644a33293be26d0a408058d0_Screenshot 2023-04-27 at 09.31.23.html]
[www.remojo.com/_https_/assets-global.website-files.com/6036b38cd02467d6091ed564/61a8f23bf8aa751e6b35289b_Imagem do iOS (1.html]
[www.remojo.com/post/healthy-masturbation-101-is-there-such-a-thing.html]
[www.remojo.com/_https_/assets-global.website-files.com/6036b38cd02467d6091ed564/645d732f82b41a5827b68b59_61a8f27e6a90df2e3e13387c_Capa_Blog_11-min.html]
[www.remojo.com/_https_/assets-global.website-files.com/6036b38cd02467d6091ed564/645d7378f39d960f6afbd102_61a8f25b5ad2bee51bf49c6e_Capa_Blog_3-min.html]
[www.remojo.com/post/_https_/assets-global.website-files.com/6036b38cd02467d6091ed564/645d75228db87a4287840f5a_6189689fdb2a358aa945e607_float.png_]
[www.remojo.com/post/porn-induced-erectile-dysfunction-how-to-tell-your-girlfriend.html]
[www.remojo.com/_https_/assets-global.website-files.com/6036b38cd02467d6091ed564/61a8f2a05f705a6bd5d18e01_Imagem do iOS.html]
[assets-global.website-files.com/6036b38cd02467d6091ed564/645d5de81f00c930d5d8480d_619e177a469a19e4c859c72e_HY_9gjHTlICswE_BeE3G4DI.jpg]
[www.remojo.com/post/_https_/assets-global.website-files.com/6036b38cd02467d6091ed564/64e74c86bba65b3a3865d4a5_Blog Post Header Images.jpg_]
[www.remojo.com/post/the-dark-side-of-porn-whats-really-going-on-behind-the-scenes.html]
[www.remojo.com/_https_/assets-global.website-files.com/6036b38cd02467d6091ed564/644a3d13d9f5fb478df10890_Screenshot 2023-04-27 at 10.13.25.html]
[www.remojo.com/post/what-happens-when-you-quit-porn-2.html]
[www.remojo.com/_https_/assets-global.website-files.com/6036b38cd02467d6091ed564/645d653f3980acd89587e9dd_644a3e7d9335c6554927bf13_Screenshot 2023-04-27 at 10.19.33-min.html]
[assets-global.website-files.com/6036b38cd02467d6091ed564/645d64c80906ace9d758cd10_618bf0a806a60fa6c6a94361_unQjp_mfwJXg7f7yBZRVpMSWyJX-.png]
[assets-global.website-files.com/6036b38cd02467d6091ed564/645d6530f37ce2e142ecb161_618bf0a8b8488903c6c0aff4_5tlJ8tsYgFuaQQHgypNeSycIE_TDwvsHkXvCvKp.png]
[www.remojo.com/post/can-porn-use-affect-memory-and-concentration.html]
[www.remojo.com/_https_/assets-global.website-files.com/6036b38cd02467d6091ed564/644a40f0858d28ba91c825cf_Screenshot 2023-04-27 at 10.30.21.html]
[assets-global.website-files.com/6036b38cd02467d6091ed564/645d67f4b9995d62f099cab9_618bef95b8c0414291a2b4ec_JwtW73li3F2BNSUN-mJSulgpkR_twC_ZRc.jpg]
[www.remojo.com/post/what-are-the-effects-of-porn-on-the-brain.html]
[www.remojo.com/_https_/assets-global.website-files.com/6036b38cd02467d6091ed564/645d74239705926c779659f0_61a76624a2e434bf50c92822_Imagem do iOS-min.html]
[assets-global.website-files.com/6036b38cd02467d6091ed564/645d68d10fd282672e578a13_618beddd8433b647611febbb_lDUE0ycTzhkHlC2areJTM3PRuWQ9Yxzx2v8IuQAMV-NChrRUBvQ1ML8.jpg]
[assets-global.website-files.com/6036b38cd02467d6091ed564/645d68f7b9995d62f09af02c_618beddd705bf9cf8a19e10e.jpg]
[assets-global.website-files.com/6036b38cd02467d6091ed564/645d690a3c2619a6a0ddd4b8_618bedde62899a498c00d07b_U2M_5dgfZzOsy12lWUAXFOJEx8OtwUmOdN.jpg]
[assets-global.website-files.com/6036b38cd02467d6091ed564/645d6957f01a6a3c20b1f74d_618bedde97a5c435cb8f2e6a_nKSWD.jpg]
[www.remojo.com/post/5-signs-you-have-a-porn-addiction.html]
[www.remojo.com/_https_/assets-global.website-files.com/6036b38cd02467d6091ed564/645d74e5b691b4e4a1a2f866_618be71463eb9a3c7ebf8d52_Imagem do iOS-min.html]
[www.remojo.com/_https_/assets-global.website-files.com/6036b38cd02467d6091ed564/645d75228db87a4287840f5a_6189689fdb2a358aa945e607_float.html]
[assets-global.website-files.com/6036b38cd02467d6091ed564/645d6ac9a38391ca267c6f93_61895fdea934fd54109cdd19_Pablo Escobar.jpg]
[assets-global.website-files.com/6036b38cd02467d6091ed564/645d6ad13081f95e710bacd1_61895fd203b8cdb97eb1348a_meme.png]
[assets-global.website-files.com/6036b38cd02467d6091ed564/645d6aded4d75958f40fb715_61895fbd276c6fbfb65737d6_Matrix_Meme.jpg]
[assets-global.website-files.com/6036b38cd02467d6091ed564/645d6ae6e0df9d163f10f8e8_61895fb57f81d501ee506e43_Matrix 2 .jpg]
[assets-global.website-files.com/6036b38cd02467d6091ed564/645d6aef17840de9b5f4ffba_61895f784a72108ab164c671_5ramup.jpg]
[assets-global.website-files.com/6036b38cd02467d6091ed564/645d6af6f01a6a3c20b3b93e_61895f3a78467ab349309b28_5rai5n.jpg]
[assets-global.website-files.com/6036b38cd02467d6091ed564/645d6b0b122a446b12ca4931_6189603b96540dc013d79410_ORM9q4P4a0OpXqLDqj1dij1l6u_0MJoMM3jnaixSipl6HY67ZGW.jpg]
[assets-global.website-files.com/6036b38cd02467d6091ed564/645d6b221148e53cf9a680d6_618960594a721054f364ccf5_WPPKXQ8hwWiAQwu-TimRe2qFPoqAC5VzrWtmeQheHRhwE0ISyO1gyHtDXr.jpg]
[assets-global.website-files.com/6036b38cd02467d6091ed564/645d6b2f17840de9b5f55025_6189606c5f729af718f99c7a_uafsqcUoJjJ5s-s6GzUaD9HunsvNUc5JIT6Xcv5rMw3.jpg]
[assets-global.website-files.com/6036b38cd02467d6091ed564/645d6b40e0df9d163f115cd0_6189608c4a721045d664d1b9_BCkqb6eKCkO2YY24xt49amfsB6Acz6AYSDSQAUcOtuf0k0uH6.jpg]
[assets-global.website-files.com/6036b38cd02467d6091ed564/645d6b4ee953534846e2a6d3_618960a2c922ad832a4c8659_eXt--3yxo8NGpc6Jieq7Q8XAAPi_hyiGVwj.jpg]
[assets-global.website-files.com/6036b38cd02467d6091ed564/645d6b5ff39d960f6af2dfaa_618960bead5ba7c0f131c1ec_qdLY_hLJZwraPWq3oTor46PoylF1WCAPw_VnEIgJSAIyn3nkQN72kgnLwotSHKAPY.jpg]
[assets-global.website-files.com/6036b38cd02467d6091ed564/645d6b76e0df9d163f11920f_618960cdf285fb307b9d8064_Y7cRi992y_uVRUMrx0LFtKRqJz4VT1BYD5p0o7oYnObsXcODYVC.jpg]
[assets-global.website-files.com/6036b38cd02467d6091ed564/645d6b8125fe5ea81d30cda2_61895fff73f0b1d8143992c4_Losing Virginity.jpg]
[assets-global.website-files.com/6036b38cd02467d6091ed564/645d6b8f25fe5ea81d30de3e_61896a7f431a0fcc152a6f99_Spongebob.jpg]
[www.remojo.com/post/the-best-no-nut-november-memes.html]
[www.remojo.com/_https_/assets-global.website-files.com/6036b38cd02467d6091ed564/618b9c221d441f0b7afa4d1f_Imagem do iOS.html]
[assets-global.website-files.com/6036b38cd02467d6091ed564/645d6c449705926c778dad58_617e99a56b8fde3a6e262273_kyle-glenn-rcCG9F3b4rA-unsplash-min (1).jpg]
[assets-global.website-files.com/6036b38cd02467d6091ed564/645d6c6ae0df9d163f12a3b1_617eb23aa3530e9df502bc33_karsten-winegeart-WO_th3WRJvw-unsplash-min (1).jpg]
[www.remojo.com/post/_https_/assets-global.website-files.com/6036b38cd02467d6091ed564/61a8f23bf8aa751e6b35289b_Imagem do iOS (1.be.delayed]
[www.remojo.com/post/how-to-survive-no-nut-november.html]
[www.remojo.com/_https_/assets-global.website-files.com/6036b38cd02467d6091ed564/618b9c3a770a665b825d70cc_Imagem do iOS (1.html]
[assets-global.website-files.com/6036b38cd02467d6091ed564/645d6d559705926c778ef681_617e933d05aa1e441ba0d790_IMG_2096-min (1).jpg]
[assets-global.website-files.com/6036b38cd02467d6091ed564/645d6d6a833989a850df2ea5_617e978ff4ef036567ea0576_dalton-smith-6rWmzB71S04-unsplash-min (1).jpg]
[www.remojo.com/post/everything-you-need-to-know-about-no-nut-november.html]
[www.remojo.com/_https_/assets-global.website-files.com/6036b38cd02467d6091ed564/645d757e6667b3f05dfda0e0_6164535af6dc0475574dcdbf_Capa_Blog-01-min.html]
[assets-global.website-files.com/6036b38cd02467d6091ed564/645d75b6622dbb459d32791d_6160266e272d8-min.jpg]
[assets-global.website-files.com/6036b38cd02467d6091ed564/645d75fcf2d0a76625038275_6160266ebfdaef286d911b4d_z9wNq7RyHT-.jpg]
[assets-global.website-files.com/6036b38cd02467d6091ed564/645d7669f2d0a766250401f3_6160266f03936ad4cad4b7ef_Y-H770ZYd2VvTDvz4sBjEtijoRHoo76xLete.jpg]
[assets-global.website-files.com/6036b38cd02467d6091ed564/645d769af2d0a7662504464b_61606d3dbbf86a583dfe0a1d_vs2iXRf6L_XecsxC6p1rT_m.jpg]
[www.remojo.com/post/porn-addiction-why-am-i-addicted-to-porn-5-questions-to-ask-yourself.html]
[www.remojo.com/_https_/assets-global.website-files.com/6036b38cd02467d6091ed564/625712a09916b81c11a72ded_image 284 (2]
[www.remojo.com/_https_/assets-global.website-files.com/6036b38cd02467d6091ed564/6255d1441700917a29015ed7_5AB511BD-A1E4-42C6-8965-82DCD671E0C5 1 (3]
[www.remojo.com/courses/jumpstart.html]
[www.remojo.com/_https_/assets-global.website-files.com/6036b38cd02467d6091ed564/62559efd863cfe49b7bde087_Group 143728165 (1]
[www.remojo.com/courses/aware.html]
[www.remojo.com/_https_/assets-global.website-files.com/6036b38cd02467d6091ed564/625715cb8e9966abd7645428_image 294 (1]
[www.remojo.com/_https_/assets-global.website-files.com/6036b38cd02467d6091ed564/62571f2fb1f3b05970b91e98_image 316 (4]
[www.remojo.com/_https_/assets-global.website-files.com/6036b38cd02467d6091ed564/62571713f748163677ba7203_image 300 (1]
[www.remojo.com/_https_/assets-global.website-files.com/6036b38cd02467d6091ed564/62571e8264d05e28123fbe53_image 316 (1]
[www.remojo.com/courses/maximize.html]
[www.remojo.com/_https_/assets-global.website-files.com/6036b38cd02467d6091ed564/62571c0c996f27b7327690a0_image 310 (1]
[www.remojo.com/courses/the-porn-addicts-path-to-freedom.html]
[www.remojo.com/_https_/assets-global.website-files.com/6036b38cd02467d6091ed564/62571d8214870055e6dc4de3_image 12513648 (1]
[www.remojo.com/_https_/assets-global.website-files.com/6036b38cd02467d6091ed564/62571ccbeb0e9d3082455cca_image 313 (1]
[www.remojo.com/courses/karezza-enlightened-lovemaking.html]
[www.remojo.com/_https_/assets-global.website-files.com/6036b38cd02467d6091ed564/625719e910d79a6dafc609c6_image 284 (3]
[www.remojo.com/_https_/assets-global.website-files.com/6036b38cd02467d6091ed564/625714c9fff3cbbe2c9d8a83_Mask group (4]
[www.remojo.com/courses/overcoming-sexual-dysfunction.html]
[www.remojo.com/courses.html]
[www.remojo.com/post/_https_/assets-global.website-files.com/6036b38cd02467d6091ed564/64e641e592fecfe33b3713b7_Untitled design (9.html]
[www.remojo.com/post/_https_/assets-global.website-files.com/6036b38cd02467d6091ed564/645d757e6667b3f05dfda0e0_6164535af6dc0475574dcdbf_Capa_Blog-01-min.html]
[www.remojo.com/post/_https_/assets-global.website-files.com/6036b38cd02467d6091ed564/649a9fe85834952a6f9a82e9_yuz-ayub-rsBcEurM-7M-unsplash (2.html]
[www.remojo.com/post/_https_/assets-global.website-files.com/6036b38cd02467d6091ed564/651c2a8b5ef679a6f893aacd_Blog Post Header - How to quit porn with meditation.html]
[www.remojo.com/post/_https_/assets-global.website-files.com/6036b38cd02467d6091ed564/64f81ad7b531ecb9905855df_When to stop counting streaks.html]
[www.remojo.com/post/_https_/assets-global.website-files.com/6036b38cd02467d6091ed564/64f71d9fb92352c8a0c4478c_Pornhub age verification.html]
[www.remojo.com/post/_https_/assets-global.website-files.com/6036b38cd02467d6091ed564/645d6eaa833989a850e0beb1_644a0aada803e3186dbe8281_Screenshot 2023-04-27 at 06.30.46-min.html]
[www.remojo.com/post/_https_/assets-global.website-files.com/6036b38cd02467d6091ed564/645d71cb1148e53cf9aed2bb_644a0dbf8608b06b3f0ebd92_Screenshot 2023-04-27 at 06.52.06-min.html]
[www.remojo.com/post/_https_/assets-global.website-files.com/6036b38cd02467d6091ed564/645d7378f39d960f6afbd102_61a8f25b5ad2bee51bf49c6e_Capa_Blog_3-min.html]
[www.remojo.com/post/_https_/assets-global.website-files.com/6036b38cd02467d6091ed564/645d6e34f9f94740eab2a2e0_62cd6a4cd37464487272ca34_tom-sodoge-Qeqg7F9pfuU-unsplash-min (1.html]
[www.remojo.com/post/_https_/assets-global.website-files.com/6036b38cd02467d6091ed564/64f70b0059b07b13ac8d7870_Blog Post Header - Does Quitting Porn Have to Be Hard (1.html]
[www.remojo.com/_https_/assets-global.website-files.com/6018665a9b3a0a2a021057a6/62651b2cb67c33c61ba0278d_X2Downloadcom-REMOJO_ Story Behind The App That Is CHANGING Men's Lives-poster-00001]
[www.remojo.com/contact.html]
[www.remojo.com/privacy-policy.html]
[www.remojo.com/new-pages/_https_/assets-global.website-files.com/6036b38cd02467d6091ed564/651c2a8b5ef679a6f893aacd_Blog Post Header - How to quit porn with meditation.jpg_]
[www.remojo.com/new-pages/_https_/assets-global.website-files.com/6036b38cd02467d6091ed564/64f81ad7b531ecb9905855df_When to stop counting streaks.jpg_]
[www.remojo.com/new-pages/_https_/assets-global.website-files.com/6036b38cd02467d6091ed564/64f71d9fb92352c8a0c4478c_Pornhub age verification.webp_]
[www.remojo.com/new-pages/_https_/assets-global.website-files.com/6036b38cd02467d6091ed564/64f70b0059b07b13ac8d7870_Blog Post Header - Does Quitting Porn Have to Be Hard (1]
[www.remojo.com/new-pages/_https_/assets-global.website-files.com/6036b38cd02467d6091ed564/64e74c86bba65b3a3865d4a5_Blog Post Header Images.jpg_]
[www.remojo.com/new-pages/_https_/assets-global.website-files.com/6036b38cd02467d6091ed564/64f717fc34d7e4c82334d143_How effective are  filtering software in protecting minors from adult conte]
[www.remojo.com/new-pages/_https_/assets-global.website-files.com/6036b38cd02467d6091ed564/64e641e592fecfe33b3713b7_Untitled design (9]
[www.remojo.com/new-pages/_https_/assets-global.website-files.com/6036b38cd02467d6091ed564/649ab5dcedcdef49d66bb191_masjid-pogung-dalangan-nQdIhOjvdm4-unsplash (2]
[www.remojo.com/new-pages/_https_/assets-global.website-files.com/6036b38cd02467d6091ed564/649a9fe85834952a6f9a82e9_yuz-ayub-rsBcEurM-7M-unsplash (2]
[www.remojo.com/new-pages/_https_/assets-global.website-files.com/6036b38cd02467d6091ed564/645d6e34f9f94740eab2a2e0_62cd6a4cd37464487272ca34_tom-sodoge-Qeqg7F9pfuU-unsplash-min (1]
[www.remojo.com/new-pages/_https_/assets-global.website-files.com/6036b38cd02467d6091ed564/645d6eaa833989a850e0beb1_644a0aada803e3186dbe8281_Screenshot 2023-04-27 at 06.30.46-min.webp_]
[www.remojo.com/new-pages/_https_/assets-global.website-files.com/6036b38cd02467d6091ed564/645d71cb1148e53cf9aed2bb_644a0dbf8608b06b3f0ebd92_Screenshot 2023-04-27 at 06.52.06-min.webp_]
[www.remojo.com/new-pages/_https_/assets-global.website-files.com/6036b38cd02467d6091ed564/645d720482b41a5827b58ce9_644a0f4413c4d76938d11a1c_Screenshot 2023-04-27 at 06.58.43-min.webp_]
[www.remojo.com/new-pages/_https_/assets-global.website-files.com/6036b38cd02467d6091ed564/645d722a17840de9b5fcac54_644a1ba80314b434a1507368_Screenshot 2023-04-27 at 07.48.21-min.webp_]
[www.remojo.com/new-pages/_https_/assets-global.website-files.com/6036b38cd02467d6091ed564/645d5201cd2b884513798a5e_644a1d68b69ca54f1f1c93e3_Screenshot 2023-04-27 at 07.56.36.webp_]
[www.remojo.com/new-pages/_https_/assets-global.website-files.com/6036b38cd02467d6091ed564/645d560c142ea02b0e2713ff_644a31e1c961bd2587ff1154_Screenshot 2023-04-27 at 09.26.00.webp_]
[www.remojo.com/new-pages/_https_/assets-global.website-files.com/6036b38cd02467d6091ed564/645d5680a291f5f146757cac_644a33293be26d0a408058d0_Screenshot 2023-04-27 at 09.31.23.webp_]
[www.remojo.com/new-pages/_https_/assets-global.website-files.com/6036b38cd02467d6091ed564/61a8f23bf8aa751e6b35289b_Imagem do iOS (1]
[www.remojo.com/new-pages/_https_/assets-global.website-files.com/6036b38cd02467d6091ed564/645d732f82b41a5827b68b59_61a8f27e6a90df2e3e13387c_Capa_Blog_11-min.jpeg_]
[www.remojo.com/new-pages/_https_/assets-global.website-files.com/6036b38cd02467d6091ed564/645d7378f39d960f6afbd102_61a8f25b5ad2bee51bf49c6e_Capa_Blog_3-min.png_]
[www.remojo.com/new-pages/_https_/assets-global.website-files.com/6036b38cd02467d6091ed564/61a8f2a05f705a6bd5d18e01_Imagem do iOS.jpg_]
[www.remojo.com/new-pages/_https_/assets-global.website-files.com/6036b38cd02467d6091ed564/644a3d13d9f5fb478df10890_Screenshot 2023-04-27 at 10.13.25.webp_]
[www.remojo.com/new-pages/_https_/assets-global.website-files.com/6036b38cd02467d6091ed564/645d653f3980acd89587e9dd_644a3e7d9335c6554927bf13_Screenshot 2023-04-27 at 10.19.33-min.webp_]
[www.remojo.com/new-pages/_https_/assets-global.website-files.com/6036b38cd02467d6091ed564/644a40f0858d28ba91c825cf_Screenshot 2023-04-27 at 10.30.21.webp_]
[www.remojo.com/new-pages/_https_/assets-global.website-files.com/6036b38cd02467d6091ed564/645d74239705926c779659f0_61a76624a2e434bf50c92822_Imagem do iOS-min.png_]
[www.remojo.com/new-pages/_https_/assets-global.website-files.com/6036b38cd02467d6091ed564/645d74e5b691b4e4a1a2f866_618be71463eb9a3c7ebf8d52_Imagem do iOS-min.png_]
[www.remojo.com/new-pages/_https_/assets-global.website-files.com/6036b38cd02467d6091ed564/645d75228db87a4287840f5a_6189689fdb2a358aa945e607_float.png_]
[www.remojo.com/new-pages/_https_/assets-global.website-files.com/6036b38cd02467d6091ed564/618b9c221d441f0b7afa4d1f_Imagem do iOS.jpg_]
[www.remojo.com/new-pages/_https_/assets-global.website-files.com/6036b38cd02467d6091ed564/618b9c3a770a665b825d70cc_Imagem do iOS (1]
[www.remojo.com/new-pages/_https_/assets-global.website-files.com/6036b38cd02467d6091ed564/645d757e6667b3f05dfda0e0_6164535af6dc0475574dcdbf_Capa_Blog-01-min.png_]
[www.remojo.com/new-pages/insights9505.html]
[www.remojo.com/new-pages/insights9e57.html]
[www.remojo.com/new-pages/insights21b2.html]
[www.remojo.com/new-pages/insights5654.html]
[www.remojo.com/new-pages/insights10e8.html]
[www.remojo.com/new-pages/insightsa48c.html]
[www.remojo.com/new-pages/insights4006.html]
[www.remojo.com/new-pages/insights19ed.html]
[www.remojo.com/new-pages/insights71cc.html]
[www.remojo.com/new-pages/insightsb3c1.html]
[www.remojo.com/new-pages/insights09b2.html]
[www.remojo.com/new-pages/insightscaa4.html]
[www.remojo.com/post/_https_/assets-global.website-files.com/6036b38cd02467d6091ed564/618b9c3a770a665b825d70cc_Imagem do iOS (1.html]
[www.remojo.com/courses/_https_/assets-global.website-files.com/6036b38cd02467d6091ed564/6272a713a38f7f94e173b28a_Group 143728074 (12]
[www.remojo.com/courses/_https_/assets-global.website-files.com/6036b38cd02467d6091ed564/6272a70f75b77871fb98ac7f_Group 143728075 (5]
[www.remojo.com/courses/_https_/assets-global.website-files.com/6036b38cd02467d6091ed564/62571f37c2114576b0d65ceb_image 316 (3]
[www.remojo.com/courses/_https_/assets-global.website-files.com/6036b38cd02467d6091ed564/6272a719c8b62f1e4d2c3d03_Group 143728079 (11]
[www.remojo.com/courses/foundations.html]
[www.remojo.com/courses/_https_/assets-global.website-files.com/6036b38cd02467d6091ed564/6272a50749f6085c3dc4beb7_Group 143728074 (5]
[www.remojo.com/courses/_https_/assets-global.website-files.com/6036b38cd02467d6091ed564/6272a503721c60319c0c34be_Group 143728095 (3]
[www.remojo.com/courses/_https_/assets-global.website-files.com/6036b38cd02467d6091ed564/625715dbe9b8f9d6f505a4be_image 293 (1]
[www.remojo.com/courses/_https_/assets-global.website-files.com/6036b38cd02467d6091ed564/625712beafc9bc6f522a3706_image 286 (1]
[www.remojo.com/courses/_https_/assets-global.website-files.com/6036b38cd02467d6091ed564/6272a50e0a9a9807f43ea07e_Group 143728079 (4]
[www.remojo.com/courses/building-an-amazing-pornfree-life.html]
[www.remojo.com/post/_https_/assets-global.website-files.com/6036b38cd02467d6091ed564/645d5201cd2b884513798a5e_644a1d68b69ca54f1f1c93e3_Screenshot 2023-04-27 at 07.56.36.html]
[www.remojo.com/post/_https_/assets-global.website-files.com/6036b38cd02467d6091ed564/645d560c142ea02b0e2713ff_644a31e1c961bd2587ff1154_Screenshot 2023-04-27 at 09.26.00.html]
[www.remojo.com/post/_https_/assets-global.website-files.com/6036b38cd02467d6091ed564/618b9c221d441f0b7afa4d1f_Imagem do iOS.html]
[www.remojo.com/schema.html]
[www.remojo.com/post/_https_/assets-global.website-files.com/6036b38cd02467d6091ed564/649ab5dcedcdef49d66bb191_masjid-pogung-dalangan-nQdIhOjvdm4-unsplash (2.html]
[www.remojo.com/post/_https_/assets-global.website-files.com/6036b38cd02467d6091ed564/644a40f0858d28ba91c825cf_Screenshot 2023-04-27 at 10.30.21.html]
[www.remojo.com/post/_https_/assets-global.website-files.com/6036b38cd02467d6091ed564/645d5680a291f5f146757cac_644a33293be26d0a408058d0_Screenshot 2023-04-27 at 09.31.23.html]
[www.remojo.com/post/_https_/assets-global.website-files.com/6036b38cd02467d6091ed564/645d722a17840de9b5fcac54_644a1ba80314b434a1507368_Screenshot 2023-04-27 at 07.48.21-min.html]
[www.remojo.com/post/_https_/assets-global.website-files.com/6036b38cd02467d6091ed564/645d74e5b691b4e4a1a2f866_618be71463eb9a3c7ebf8d52_Imagem do iOS-min.html]
[www.remojo.com/post/_https_/assets-global.website-files.com/6036b38cd02467d6091ed564/645d720482b41a5827b58ce9_644a0f4413c4d76938d11a1c_Screenshot 2023-04-27 at 06.58.43-min.html]
[www.remojo.com/post/_https_/assets-global.website-files.com/6036b38cd02467d6091ed564/644a3d13d9f5fb478df10890_Screenshot 2023-04-27 at 10.13.25.html]
[www.remojo.com/post/_https_/assets-global.website-files.com/6036b38cd02467d6091ed564/64f717fc34d7e4c82334d143_How effective are  filtering software in protecting minors from adult content on]
[www.remojo.com/post/_https_/assets-global.website-files.com/6036b38cd02467d6091ed564/645d732f82b41a5827b68b59_61a8f27e6a90df2e3e13387c_Capa_Blog_11-min.html]
[www.remojo.com/courses/_https_/assets-global.website-files.com/6036b38cd02467d6091ed564/6272a4134c4e9c7b837eeff0_Group 143728074 (3]
[www.remojo.com/courses/_https_/assets-global.website-files.com/6036b38cd02467d6091ed564/6272a40f1d1dfe0062ca31ac_Group 143728095 (1]
[www.remojo.com/courses/_https_/assets-global.website-files.com/6036b38cd02467d6091ed564/625712b4612c50687c995ff0_Slice 1 (9]
[www.remojo.com/courses/_https_/assets-global.website-files.com/6036b38cd02467d6091ed564/6272a417f4e4d6499cb3cba5_Group 143728091 (2]
[www.remojo.com/courses/your-brain-on-porn.html]
[www.remojo.com/courses/_https_/assets-global.website-files.com/6036b38cd02467d6091ed564/6272a5595b6d992108b740eb_Group 143728074 (6]
[www.remojo.com/courses/_https_/assets-global.website-files.com/6036b38cd02467d6091ed564/6272a556c7f4fe0eb185664b_Group 143728095 (4]
[www.remojo.com/courses/_https_/assets-global.website-files.com/6036b38cd02467d6091ed564/625717203dd63484ce129a89_image 300 (2]
[www.remojo.com/courses/_https_/assets-global.website-files.com/6036b38cd02467d6091ed564/6272a55e4eb748c43e00c807_Group 143728079 (5]
[www.remojo.com/courses/relationships-sex-and-orgasm.html]
[www.remojo.com/courses/_https_/assets-global.website-files.com/6036b38cd02467d6091ed564/6272a68a721c6072b30c3d39_Group 143728074 (10]
[www.remojo.com/courses/_https_/assets-global.website-files.com/6036b38cd02467d6091ed564/6272a6863102c5cfc9a1a94a_Group 143728075 (3]
[www.remojo.com/courses/_https_/assets-global.website-files.com/6036b38cd02467d6091ed564/62571d89c096d31cd2a5f64b_image 12513648 (2]
[www.remojo.com/courses/_https_/assets-global.website-files.com/6036b38cd02467d6091ed564/62571d8eb1f3b00948b9143e_image 314 (1]
[www.remojo.com/courses/_https_/assets-global.website-files.com/6036b38cd02467d6091ed564/6272a5b94c4e9ca52e7efaf6_Group 143728079 (6]
[www.remojo.com/courses/balls-of-steel.html]
[www.remojo.com/courses/_https_/assets-global.website-files.com/6036b38cd02467d6091ed564/6272a5b4b465372fb539df23_Group 143728074 (7]
[www.remojo.com/courses/_https_/assets-global.website-files.com/6036b38cd02467d6091ed564/6272a5b0fcbd8ddde5b8a98a_Group 143728095 (5]
[www.remojo.com/courses/_https_/assets-global.website-files.com/6036b38cd02467d6091ed564/625719f1f8b4becf38f8cf43_image 303 (1]
[www.remojo.com/courses/mindfulness-and-meditation.html]
[www.remojo.com/post/_https_/assets-global.website-files.com/6036b38cd02467d6091ed564/645d653f3980acd89587e9dd_644a3e7d9335c6554927bf13_Screenshot 2023-04-27 at 10.19.33-min.html]
[www.remojo.com/post/_https_/assets-global.website-files.com/6036b38cd02467d6091ed564/61a8f2a05f705a6bd5d18e01_Imagem do iOS.html]
[www.remojo.com/post/_https_/assets-global.website-files.com/6036b38cd02467d6091ed564/645d75228db87a4287840f5a_6189689fdb2a358aa945e607_float.html]
[www.remojo.com/post/_https_/assets-global.website-files.com/6036b38cd02467d6091ed564/64e74c86bba65b3a3865d4a5_Blog Post Header Images.html]
[www.remojo.com/post/_https_/assets-global.website-files.com/6036b38cd02467d6091ed564/61a8f23bf8aa751e6b35289b_Imagem do iOS (1.html]
[www.remojo.com/_https_/assets-global.website-files.com/6036b38cd02467d6091ed564/625712a09916b81c11a72ded_image 284 (2.html]
[www.remojo.com/_https_/assets-global.website-files.com/6036b38cd02467d6091ed564/6255d1441700917a29015ed7_5AB511BD-A1E4-42C6-8965-82DCD671E0C5 1 (3.html]
[www.remojo.com/courses/_https_/assets-global.website-files.com/6036b38cd02467d6091ed564/6272a37ca7b402a96419bb6c_Group 143728074 (2]
[www.remojo.com/courses/_https_/assets-global.website-files.com/6036b38cd02467d6091ed564/6272a379fbe6f35abb62f456_Group 143728075 (1]
[www.remojo.com/courses/_https_/assets-global.website-files.com/6036b38cd02467d6091ed564/6255d14d661fc7ec3058708b_Group 143728060 (2]
[www.remojo.com/courses/_https_/assets-global.website-files.com/6036b38cd02467d6091ed564/6255d151dffed17ebc265ac4_5AB511BD-A1E4-42C6-8965-82DCD671E0C5 1 (2]
[www.remojo.com/courses/_https_/assets-global.website-files.com/6036b38cd02467d6091ed564/6272a38227f26947c43ba92c_Group 143728079 (2]
[www.remojo.com/courses/jumpstart.html]
[www.remojo.com/_https_/assets-global.website-files.com/6036b38cd02467d6091ed564/62559efd863cfe49b7bde087_Group 143728165 (1.html]
[www.remojo.com/courses/_https_/assets-global.website-files.com/6036b38cd02467d6091ed564/6272a26f127c98797c08cc24_Group 143728074 (1]
[www.remojo.com/courses/_https_/assets-global.website-files.com/6036b38cd02467d6091ed564/6272a27ff4e4d65f88b3c03c_Group 143728076 (1]
[www.remojo.com/courses/_https_/assets-global.website-files.com/6036b38cd02467d6091ed564/6255a44bd346a402f3579cb2_Slice 2 (4]
[www.remojo.com/courses/_https_/assets-global.website-files.com/6036b38cd02467d6091ed564/6255946687fef885284c0ef7_AWARE_Lesson_Photo (1]
[www.remojo.com/courses/_https_/assets-global.website-files.com/6036b38cd02467d6091ed564/6272a2762f75a471fbef7a68_Group 143728079 (1]
[www.remojo.com/courses/aware.html]
[www.remojo.com/_https_/assets-global.website-files.com/6036b38cd02467d6091ed564/625715cb8e9966abd7645428_image 294 (1.html]
[www.remojo.com/_https_/assets-global.website-files.com/6036b38cd02467d6091ed564/62571f2fb1f3b05970b91e98_image 316 (4.html]
[www.remojo.com/_https_/assets-global.website-files.com/6036b38cd02467d6091ed564/62571713f748163677ba7203_image 300 (1.html]
[www.remojo.com/_https_/assets-global.website-files.com/6036b38cd02467d6091ed564/62571e8264d05e28123fbe53_image 316 (1.html]
[www.remojo.com/courses/_https_/assets-global.website-files.com/6036b38cd02467d6091ed564/6272a6d7fcbd8d5b37b8b6e3_Group 143728074 (11]
[www.remojo.com/courses/_https_/assets-global.website-files.com/6036b38cd02467d6091ed564/6272a6d2fcbd8d550db8b6d8_Group 143728075 (4]
[www.remojo.com/courses/_https_/assets-global.website-files.com/6036b38cd02467d6091ed564/62571e8d91f86ae820a626c6_image 315 (1]
[www.remojo.com/courses/_https_/assets-global.website-files.com/6036b38cd02467d6091ed564/62571e9364d05e6c0a3fbe7a_image 316 (2]
[www.remojo.com/courses/_https_/assets-global.website-files.com/6036b38cd02467d6091ed564/6272a6da5b6d99ec33b74624_Group 143728079 (10]
[www.remojo.com/courses/maximize.html]
[www.remojo.com/_https_/assets-global.website-files.com/6036b38cd02467d6091ed564/62571c0c996f27b7327690a0_image 310 (1.html]
[www.remojo.com/courses/_https_/assets-global.website-files.com/6036b38cd02467d6091ed564/6272a5fd53a0095a8a86717a_Group 143728074 (8]
[www.remojo.com/courses/_https_/assets-global.website-files.com/6036b38cd02467d6091ed564/6272a5fa64e9050953e2cf72_Group 143728095 (6]
[www.remojo.com/courses/_https_/assets-global.website-files.com/6036b38cd02467d6091ed564/62571c141a714bb74c2746d0_image 310 (2]
[www.remojo.com/courses/_https_/assets-global.website-files.com/6036b38cd02467d6091ed564/6272a602b772e9d5b01a1838_Group 143728079 (7]
[www.remojo.com/courses/the-porn-addicts-path-to-freedom.html]
[www.remojo.com/_https_/assets-global.website-files.com/6036b38cd02467d6091ed564/62571d8214870055e6dc4de3_image 12513648 (1.html]
[www.remojo.com/_https_/assets-global.website-files.com/6036b38cd02467d6091ed564/62571ccbeb0e9d3082455cca_image 313 (1.html]
[www.remojo.com/courses/_https_/assets-global.website-files.com/6036b38cd02467d6091ed564/6272a64506e0bad22429c8e7_Group 143728074 (9]
[www.remojo.com/courses/_https_/assets-global.website-files.com/6036b38cd02467d6091ed564/6272a64253a0095c23867293_Group 143728075 (2]
[www.remojo.com/courses/_https_/assets-global.website-files.com/6036b38cd02467d6091ed564/62571cd8b1f3b01dd5b912d0_image 313 (2]
[www.remojo.com/courses/_https_/assets-global.website-files.com/6036b38cd02467d6091ed564/6272a6484c4e9ce6197efc64_Group 143728079 (8]
[www.remojo.com/courses/karezza-enlightened-lovemaking.html]
[www.remojo.com/_https_/assets-global.website-files.com/6036b38cd02467d6091ed564/625719e910d79a6dafc609c6_image 284 (3.html]
[www.remojo.com/_https_/assets-global.website-files.com/6036b38cd02467d6091ed564/625714c9fff3cbbe2c9d8a83_Mask group (4.html]
[www.remojo.com/courses/_https_/assets-global.website-files.com/6036b38cd02467d6091ed564/6272a4820a9a980e403e9d99_Group 143728074 (4]
[www.remojo.com/courses/_https_/assets-global.website-files.com/6036b38cd02467d6091ed564/6272a47a9f994dd95a95bf17_Group 143728095 (2]
[www.remojo.com/courses/_https_/assets-global.website-files.com/6036b38cd02467d6091ed564/625714d9b286a5323441b864_AdobeStock_215243313 1 (1]
[www.remojo.com/courses/_https_/assets-global.website-files.com/6036b38cd02467d6091ed564/6272a48749f608ea0dc4bc68_Group 143728079 (3]
[www.remojo.com/courses/overcoming-sexual-dysfunction.html]
[www.remojo.com/new-pages/_https_/assets-global.website-files.com/6036b38cd02467d6091ed564/651c2a8b5ef679a6f893aacd_Blog Post Header - How to quit porn with meditation.html]
[www.remojo.com/new-pages/_https_/assets-global.website-files.com/6036b38cd02467d6091ed564/64f81ad7b531ecb9905855df_When to stop counting streaks.html]
[www.remojo.com/new-pages/_https_/assets-global.website-files.com/6036b38cd02467d6091ed564/64f71d9fb92352c8a0c4478c_Pornhub age verification.html]
[www.remojo.com/new-pages/_https_/assets-global.website-files.com/6036b38cd02467d6091ed564/64f717fc34d7e4c82334d143_How effective are  filtering software in protecting minors from adult conte]
[www.remojo.com/new-pages/_https_/assets-global.website-files.com/6036b38cd02467d6091ed564/64f70b0059b07b13ac8d7870_Blog Post Header - Does Quitting Porn Have to Be Hard (1.html]
[www.remojo.com/new-pages/_https_/assets-global.website-files.com/6036b38cd02467d6091ed564/64e74c86bba65b3a3865d4a5_Blog Post Header Images.html]
[www.remojo.com/new-pages/_https_/assets-global.website-files.com/6036b38cd02467d6091ed564/64e641e592fecfe33b3713b7_Untitled design (9.html]
[www.remojo.com/new-pages/_https_/assets-global.website-files.com/6036b38cd02467d6091ed564/649ab5dcedcdef49d66bb191_masjid-pogung-dalangan-nQdIhOjvdm4-unsplash (2.html]
[www.remojo.com/new-pages/_https_/assets-global.website-files.com/6036b38cd02467d6091ed564/649a9fe85834952a6f9a82e9_yuz-ayub-rsBcEurM-7M-unsplash (2.html]
[www.remojo.com/new-pages/_https_/assets-global.website-files.com/6036b38cd02467d6091ed564/645d6e34f9f94740eab2a2e0_62cd6a4cd37464487272ca34_tom-sodoge-Qeqg7F9pfuU-unsplash-min (1.html]
[www.remojo.com/new-pages/_https_/assets-global.website-files.com/6036b38cd02467d6091ed564/645d6eaa833989a850e0beb1_644a0aada803e3186dbe8281_Screenshot 2023-04-27 at 06.30.46-min.html]
[www.remojo.com/new-pages/_https_/assets-global.website-files.com/6036b38cd02467d6091ed564/645d71cb1148e53cf9aed2bb_644a0dbf8608b06b3f0ebd92_Screenshot 2023-04-27 at 06.52.06-min.html]
[www.remojo.com/new-pages/_https_/assets-global.website-files.com/6036b38cd02467d6091ed564/645d720482b41a5827b58ce9_644a0f4413c4d76938d11a1c_Screenshot 2023-04-27 at 06.58.43-min.html]
[www.remojo.com/new-pages/_https_/assets-global.website-files.com/6036b38cd02467d6091ed564/645d722a17840de9b5fcac54_644a1ba80314b434a1507368_Screenshot 2023-04-27 at 07.48.21-min.html]
[www.remojo.com/new-pages/_https_/assets-global.website-files.com/6036b38cd02467d6091ed564/645d5201cd2b884513798a5e_644a1d68b69ca54f1f1c93e3_Screenshot 2023-04-27 at 07.56.36.html]
[www.remojo.com/new-pages/_https_/assets-global.website-files.com/6036b38cd02467d6091ed564/645d560c142ea02b0e2713ff_644a31e1c961bd2587ff1154_Screenshot 2023-04-27 at 09.26.00.html]
[www.remojo.com/new-pages/_https_/assets-global.website-files.com/6036b38cd02467d6091ed564/645d5680a291f5f146757cac_644a33293be26d0a408058d0_Screenshot 2023-04-27 at 09.31.23.html]
[www.remojo.com/new-pages/_https_/assets-global.website-files.com/6036b38cd02467d6091ed564/61a8f23bf8aa751e6b35289b_Imagem do iOS (1.html]
[www.remojo.com/new-pages/_https_/assets-global.website-files.com/6036b38cd02467d6091ed564/645d732f82b41a5827b68b59_61a8f27e6a90df2e3e13387c_Capa_Blog_11-min.html]
[www.remojo.com/new-pages/_https_/assets-global.website-files.com/6036b38cd02467d6091ed564/645d7378f39d960f6afbd102_61a8f25b5ad2bee51bf49c6e_Capa_Blog_3-min.html]
[www.remojo.com/new-pages/_https_/assets-global.website-files.com/6036b38cd02467d6091ed564/61a8f2a05f705a6bd5d18e01_Imagem do iOS.html]
[www.remojo.com/new-pages/_https_/assets-global.website-files.com/6036b38cd02467d6091ed564/644a3d13d9f5fb478df10890_Screenshot 2023-04-27 at 10.13.25.html]
[www.remojo.com/new-pages/_https_/assets-global.website-files.com/6036b38cd02467d6091ed564/645d653f3980acd89587e9dd_644a3e7d9335c6554927bf13_Screenshot 2023-04-27 at 10.19.33-min.html]
[www.remojo.com/new-pages/_https_/assets-global.website-files.com/6036b38cd02467d6091ed564/644a40f0858d28ba91c825cf_Screenshot 2023-04-27 at 10.30.21.html]
[www.remojo.com/new-pages/_https_/assets-global.website-files.com/6036b38cd02467d6091ed564/645d74239705926c779659f0_61a76624a2e434bf50c92822_Imagem do iOS-min.html]
[www.remojo.com/new-pages/_https_/assets-global.website-files.com/6036b38cd02467d6091ed564/645d74e5b691b4e4a1a2f866_618be71463eb9a3c7ebf8d52_Imagem do iOS-min.html]
[www.remojo.com/new-pages/_https_/assets-global.website-files.com/6036b38cd02467d6091ed564/645d75228db87a4287840f5a_6189689fdb2a358aa945e607_float.html]
[www.remojo.com/new-pages/_https_/assets-global.website-files.com/6036b38cd02467d6091ed564/618b9c221d441f0b7afa4d1f_Imagem do iOS.html]
[www.remojo.com/new-pages/_https_/assets-global.website-files.com/6036b38cd02467d6091ed564/618b9c3a770a665b825d70cc_Imagem do iOS (1.html]
[www.remojo.com/new-pages/_https_/assets-global.website-files.com/6036b38cd02467d6091ed564/645d757e6667b3f05dfda0e0_6164535af6dc0475574dcdbf_Capa_Blog-01-min.html]
[www.remojo.com/courses/_https_/assets-global.website-files.com/6036b38cd02467d6091ed564/6272a713a38f7f94e173b28a_Group 143728074 (12.html]
[www.remojo.com/courses/_https_/assets-global.website-files.com/6036b38cd02467d6091ed564/6272a70f75b77871fb98ac7f_Group 143728075 (5.html]
[www.remojo.com/courses/_https_/assets-global.website-files.com/6036b38cd02467d6091ed564/62571f37c2114576b0d65ceb_image 316 (3.html]
[www.remojo.com/courses/_https_/assets-global.website-files.com/6036b38cd02467d6091ed564/6272a719c8b62f1e4d2c3d03_Group 143728079 (11.html]
[www.remojo.com/courses/_https_/assets-global.website-files.com/6036b38cd02467d6091ed564/6272a50749f6085c3dc4beb7_Group 143728074 (5.html]
[www.remojo.com/courses/_https_/assets-global.website-files.com/6036b38cd02467d6091ed564/6272a503721c60319c0c34be_Group 143728095 (3.html]
[www.remojo.com/courses/_https_/assets-global.website-files.com/6036b38cd02467d6091ed564/625715dbe9b8f9d6f505a4be_image 293 (1.html]
[www.remojo.com/courses/_https_/assets-global.website-files.com/6036b38cd02467d6091ed564/625712beafc9bc6f522a3706_image 286 (1.html]
[www.remojo.com/courses/_https_/assets-global.website-files.com/6036b38cd02467d6091ed564/6272a50e0a9a9807f43ea07e_Group 143728079 (4.html]
[www.remojo.com/courses/_https_/assets-global.website-files.com/6036b38cd02467d6091ed564/6272a4134c4e9c7b837eeff0_Group 143728074 (3.html]
[www.remojo.com/courses/_https_/assets-global.website-files.com/6036b38cd02467d6091ed564/6272a40f1d1dfe0062ca31ac_Group 143728095 (1.html]
[www.remojo.com/courses/_https_/assets-global.website-files.com/6036b38cd02467d6091ed564/625712b4612c50687c995ff0_Slice 1 (9.html]
[www.remojo.com/courses/_https_/assets-global.website-files.com/6036b38cd02467d6091ed564/6272a417f4e4d6499cb3cba5_Group 143728091 (2.html]
[www.remojo.com/courses/_https_/assets-global.website-files.com/6036b38cd02467d6091ed564/6272a5595b6d992108b740eb_Group 143728074 (6.html]
[www.remojo.com/courses/_https_/assets-global.website-files.com/6036b38cd02467d6091ed564/6272a556c7f4fe0eb185664b_Group 143728095 (4.html]
[www.remojo.com/courses/_https_/assets-global.website-files.com/6036b38cd02467d6091ed564/625717203dd63484ce129a89_image 300 (2.html]
[www.remojo.com/courses/_https_/assets-global.website-files.com/6036b38cd02467d6091ed564/6272a55e4eb748c43e00c807_Group 143728079 (5.html]
[www.remojo.com/courses/_https_/assets-global.website-files.com/6036b38cd02467d6091ed564/6272a68a721c6072b30c3d39_Group 143728074 (10.html]
[www.remojo.com/courses/_https_/assets-global.website-files.com/6036b38cd02467d6091ed564/6272a6863102c5cfc9a1a94a_Group 143728075 (3.html]
[www.remojo.com/courses/_https_/assets-global.website-files.com/6036b38cd02467d6091ed564/62571d89c096d31cd2a5f64b_image 12513648 (2.html]
[www.remojo.com/courses/_https_/assets-global.website-files.com/6036b38cd02467d6091ed564/62571d8eb1f3b00948b9143e_image 314 (1.html]
[www.remojo.com/courses/_https_/assets-global.website-files.com/6036b38cd02467d6091ed564/6272a5b94c4e9ca52e7efaf6_Group 143728079 (6.html]
[www.remojo.com/courses/_https_/assets-global.website-files.com/6036b38cd02467d6091ed564/6272a5b4b465372fb539df23_Group 143728074 (7.html]
[www.remojo.com/courses/_https_/assets-global.website-files.com/6036b38cd02467d6091ed564/6272a5b0fcbd8ddde5b8a98a_Group 143728095 (5.html]
[www.remojo.com/courses/_https_/assets-global.website-files.com/6036b38cd02467d6091ed564/625719f1f8b4becf38f8cf43_image 303 (1.html]
[www.remojo.com/courses/_https_/assets-global.website-files.com/6036b38cd02467d6091ed564/6272a37ca7b402a96419bb6c_Group 143728074 (2.html]
[www.remojo.com/courses/_https_/assets-global.website-files.com/6036b38cd02467d6091ed564/6272a379fbe6f35abb62f456_Group 143728075 (1.html]
[www.remojo.com/courses/_https_/assets-global.website-files.com/6036b38cd02467d6091ed564/6255d14d661fc7ec3058708b_Group 143728060 (2.html]
[www.remojo.com/courses/_https_/assets-global.website-files.com/6036b38cd02467d6091ed564/6255d151dffed17ebc265ac4_5AB511BD-A1E4-42C6-8965-82DCD671E0C5 1 (2.html]
[www.remojo.com/courses/_https_/assets-global.website-files.com/6036b38cd02467d6091ed564/6272a38227f26947c43ba92c_Group 143728079 (2.html]
[www.remojo.com/courses/_https_/assets-global.website-files.com/6036b38cd02467d6091ed564/6272a26f127c98797c08cc24_Group 143728074 (1.html]
[www.remojo.com/courses/_https_/assets-global.website-files.com/6036b38cd02467d6091ed564/6272a27ff4e4d65f88b3c03c_Group 143728076 (1.html]
[www.remojo.com/courses/_https_/assets-global.website-files.com/6036b38cd02467d6091ed564/6255a44bd346a402f3579cb2_Slice 2 (4.html]
[www.remojo.com/courses/_https_/assets-global.website-files.com/6036b38cd02467d6091ed564/6255946687fef885284c0ef7_AWARE_Lesson_Photo (1.html]
[www.remojo.com/courses/_https_/assets-global.website-files.com/6036b38cd02467d6091ed564/6272a2762f75a471fbef7a68_Group 143728079 (1.html]
[www.remojo.com/courses/_https_/assets-global.website-files.com/6036b38cd02467d6091ed564/6272a6d7fcbd8d5b37b8b6e3_Group 143728074 (11.html]
[www.remojo.com/courses/_https_/assets-global.website-files.com/6036b38cd02467d6091ed564/6272a6d2fcbd8d550db8b6d8_Group 143728075 (4.html]
[www.remojo.com/courses/_https_/assets-global.website-files.com/6036b38cd02467d6091ed564/62571e8d91f86ae820a626c6_image 315 (1.html]
[www.remojo.com/courses/_https_/assets-global.website-files.com/6036b38cd02467d6091ed564/62571e9364d05e6c0a3fbe7a_image 316 (2.html]
[www.remojo.com/courses/_https_/assets-global.website-files.com/6036b38cd02467d6091ed564/6272a6da5b6d99ec33b74624_Group 143728079 (10.html]
[www.remojo.com/courses/_https_/assets-global.website-files.com/6036b38cd02467d6091ed564/6272a5fd53a0095a8a86717a_Group 143728074 (8.html]
[www.remojo.com/courses/_https_/assets-global.website-files.com/6036b38cd02467d6091ed564/6272a5fa64e9050953e2cf72_Group 143728095 (6.html]
[www.remojo.com/courses/_https_/assets-global.website-files.com/6036b38cd02467d6091ed564/62571c141a714bb74c2746d0_image 310 (2.html]
[www.remojo.com/courses/_https_/assets-global.website-files.com/6036b38cd02467d6091ed564/6272a602b772e9d5b01a1838_Group 143728079 (7.html]
[www.remojo.com/courses/_https_/assets-global.website-files.com/6036b38cd02467d6091ed564/6272a64506e0bad22429c8e7_Group 143728074 (9.html]
[www.remojo.com/courses/_https_/assets-global.website-files.com/6036b38cd02467d6091ed564/6272a64253a0095c23867293_Group 143728075 (2.html]
[www.remojo.com/courses/_https_/assets-global.website-files.com/6036b38cd02467d6091ed564/62571cd8b1f3b01dd5b912d0_image 313 (2.html]
[www.remojo.com/courses/_https_/assets-global.website-files.com/6036b38cd02467d6091ed564/6272a6484c4e9ce6197efc64_Group 143728079 (8.html]
[www.remojo.com/courses/_https_/assets-global.website-files.com/6036b38cd02467d6091ed564/6272a4820a9a980e403e9d99_Group 143728074 (4.html]
[www.remojo.com/courses/_https_/assets-global.website-files.com/6036b38cd02467d6091ed564/6272a47a9f994dd95a95bf17_Group 143728095 (2.html]
[www.remojo.com/courses/_https_/assets-global.website-files.com/6036b38cd02467d6091ed564/625714d9b286a5323441b864_AdobeStock_215243313 1 (1.html]
[www.remojo.com/courses/_https_/assets-global.website-files.com/6036b38cd02467d6091ed564/6272a48749f608ea0dc4bc68_Group 143728079 (3.html]
